2025-07-03 16:46:38,910 [INFO] Starting Crypto Signal Bot...
2025-07-03 16:46:38,910 [INFO] --- Starting new signal check cycle ---
2025-07-03 16:46:38,929 [INFO] Checking GIGAUSDT...
2025-07-03 16:46:42,096 [WARNING] Not enough data to calculate indicators for GIGAUSDT
2025-07-03 16:46:42,096 [INFO] Checking PENGUUSDT...
2025-07-03 16:46:48,891 [WARNING] Not enough data to calculate indicators for PENGUUSDT
2025-07-03 16:46:48,892 [INFO] Checking NEIROETHUSDT...
2025-07-03 16:46:52,100 [WARNING] Not enough data to calculate indicators for NEIROETHUSDT
2025-07-03 16:46:52,100 [INFO] Checking SCAUSDT...
2025-07-03 16:46:54,772 [WARNING] Not enough data to calculate indicators for SCAUSDT
2025-07-03 16:46:54,772 [INFO] Checking SOLVUSDT...
2025-07-03 16:46:57,770 [WARNING] Not enough data to calculate indicators for SOLVUSDT
2025-07-03 16:46:57,770 [INFO] Checking 1000000MOGUSDT...
2025-07-03 16:47:00,641 [WARNING] Not enough data to calculate indicators for 1000000MOGUSDT
2025-07-03 16:47:00,645 [INFO] Checking FARTCOINUSDT...
2025-07-03 16:47:03,568 [WARNING] Not enough data to calculate indicators for FARTCOINUSDT
2025-07-03 16:47:03,569 [INFO] Checking 1000000PEIPEIUSDT...
2025-07-03 16:47:06,386 [WARNING] Not enough data to calculate indicators for 1000000PEIPEIUSDT
2025-07-03 16:47:06,386 [INFO] Checking AI16ZUSDT...
2025-07-03 16:47:09,193 [WARNING] Not enough data to calculate indicators for AI16ZUSDT
2025-07-03 16:47:09,193 [INFO] Checking SPXUSDT...
2025-07-03 16:47:12,194 [WARNING] Not enough data to calculate indicators for SPXUSDT
2025-07-03 16:47:12,194 [INFO] Checking FUELUSDT...
2025-07-03 16:47:14,904 [WARNING] Not enough data to calculate indicators for FUELUSDT
2025-07-03 16:47:14,904 [INFO] Checking CHILLGUYUSDT...
2025-07-03 16:47:17,702 [WARNING] Not enough data to calculate indicators for CHILLGUYUSDT
2025-07-03 16:47:17,703 [INFO] Checking JELLYJELLYUSDT...
2025-07-03 16:47:21,412 [WARNING] Not enough data to calculate indicators for JELLYJELLYUSDT
2025-07-03 16:47:21,413 [INFO] Checking ZEUSUSDT...
2025-07-03 16:47:24,647 [WARNING] Not enough data to calculate indicators for ZEUSUSDT
2025-07-03 16:47:24,647 [INFO] Checking ZEREBROUSDT...
2025-07-03 16:47:28,117 [WARNING] Not enough data to calculate indicators for ZEREBROUSDT
2025-07-03 16:47:28,117 [INFO] Checking HPOS10IUSDT...
2025-07-03 16:47:31,595 [WARNING] Not enough data to calculate indicators for HPOS10IUSDT
2025-07-03 16:47:31,596 [INFO] Checking AIOZUSDT...
2025-07-03 16:47:34,753 [WARNING] Not enough data to calculate indicators for AIOZUSDT
2025-07-03 16:47:34,753 [INFO] Checking 10000WHYUSDT...
2025-07-03 16:47:37,614 [WARNING] Not enough data to calculate indicators for 10000WHYUSDT
2025-07-03 16:47:37,615 [INFO] Checking GOATUSDT...
2025-07-03 16:47:40,946 [WARNING] Not enough data to calculate indicators for GOATUSDT
2025-07-03 16:47:40,947 [INFO] Checking L3USDT...
2025-07-03 16:47:44,626 [WARNING] Not enough data to calculate indicators for L3USDT
2025-07-03 16:47:44,626 [INFO] Checking 1000TURBOUSDT...
2025-07-03 16:47:49,058 [WARNING] Not enough data to calculate indicators for 1000TURBOUSDT
2025-07-03 16:47:49,058 [INFO] Checking 1000NEIROCTOUSDT...
2025-07-03 16:47:52,328 [WARNING] Not enough data to calculate indicators for 1000NEIROCTOUSDT
2025-07-03 16:47:52,328 [INFO] Checking PIPPINUSDT...
2025-07-03 16:47:55,532 [WARNING] Not enough data to calculate indicators for PIPPINUSDT
2025-07-03 16:47:55,534 [INFO] Checking RUNEUSDT...
2025-07-03 16:47:59,644 [WARNING] Not enough data to calculate indicators for RUNEUSDT
2025-07-03 16:47:59,645 [INFO] Checking PONKEUSDT...
2025-07-03 16:48:03,354 [WARNING] Not enough data to calculate indicators for PONKEUSDT
2025-07-03 16:48:03,361 [INFO] Checking AGLDUSDT...
2025-07-03 16:48:07,163 [WARNING] Not enough data to calculate indicators for AGLDUSDT
2025-07-03 16:48:07,164 [INFO] Checking JUSDT...
2025-07-03 16:48:11,122 [WARNING] Not enough data to calculate indicators for JUSDT
2025-07-03 16:48:11,122 [INFO] Checking SOLAYERUSDT...
2025-07-03 16:48:14,118 [WARNING] Not enough data to calculate indicators for SOLAYERUSDT
2025-07-03 16:48:14,119 [INFO] Checking PRAIUSDT...
2025-07-03 16:48:17,140 [WARNING] Not enough data to calculate indicators for PRAIUSDT
2025-07-03 16:48:17,140 [INFO] Checking MERLUSDT...
2025-07-03 16:48:20,258 [WARNING] Not enough data to calculate indicators for MERLUSDT
2025-07-03 16:48:20,258 [INFO] Checking SOLOUSDT...
2025-07-03 16:48:22,913 [WARNING] Not enough data to calculate indicators for SOLOUSDT
2025-07-03 16:48:22,913 [INFO] Checking ALCHUSDT...
2025-07-03 16:48:25,971 [WARNING] Not enough data to calculate indicators for ALCHUSDT
2025-07-03 16:48:25,972 [INFO] Checking AVAAIUSDT...
2025-07-03 16:52:38,674 [INFO] Starting Crypto Signal Bot...
2025-07-03 16:52:38,675 [INFO] --- Starting new signal check cycle ---
2025-07-03 16:52:38,675 [INFO] Checking GIGAUSDT...
2025-07-03 16:52:57,699 [INFO] Checking PENGUUSDT...
2025-07-03 16:53:14,838 [INFO] Checking NEIROETHUSDT...
2025-07-03 16:53:31,534 [INFO] Checking SCAUSDT...
2025-07-03 16:53:46,667 [INFO] Checking SOLVUSDT...
2025-07-03 16:54:04,033 [INFO] Checking 1000000MOGUSDT...
2025-07-03 16:55:01,868 [INFO] Starting Crypto Signal Bot...
2025-07-03 16:55:01,868 [INFO] --- Starting new signal check cycle ---
2025-07-03 16:55:01,869 [INFO] Checking GIGAUSDT...
2025-07-03 16:55:17,543 [INFO] !!! SIGNAL DETECTED for GIGAUSDT !!!
2025-07-03 16:55:21,686 [INFO] HTTP Request: POST https://api.telegram.org/bot7770157032:AAGO-J_Mb8Oxg3i6xQmWTj3rM3JMO5MMscQ/sendMessage "HTTP/1.1 200 OK"
2025-07-03 16:55:21,687 [INFO] Successfully sent Telegram notification.
2025-07-03 16:55:23,690 [INFO] Checking PENGUUSDT...
2025-07-03 16:55:36,585 [INFO] !!! SIGNAL DETECTED for PENGUUSDT !!!
2025-07-03 16:55:37,707 [INFO] HTTP Request: POST https://api.telegram.org/bot7770157032:AAGO-J_Mb8Oxg3i6xQmWTj3rM3JMO5MMscQ/sendMessage "HTTP/1.1 200 OK"
2025-07-03 16:55:37,708 [INFO] Successfully sent Telegram notification.
2025-07-03 16:55:39,710 [INFO] Checking NEIROETHUSDT...
2025-07-03 16:55:54,866 [INFO] !!! SIGNAL DETECTED for NEIROETHUSDT !!!
2025-07-03 16:55:56,223 [INFO] HTTP Request: POST https://api.telegram.org/bot7770157032:AAGO-J_Mb8Oxg3i6xQmWTj3rM3JMO5MMscQ/sendMessage "HTTP/1.1 200 OK"
2025-07-03 16:55:56,224 [INFO] Successfully sent Telegram notification.
